android-app/app/build/intermediates/manifest_merge_blame_file/debug/processDebugMainManifest/manifest-merger-blame-debug-report.txt
1<?xml version="1.0" encoding="utf-8"?>
2<!--
3File: AndroidManifest.xml
4Purpose: The app's "ID Card" that tells Android about our app's settings and screens
5Layer: Layer 1 — Android App
6Created: 2026-05-30 | Developer: Shaik Hidayatullah
7-->
8<manifest xmlns:android="http://schemas.android.com/apk/res/android"
9    package="com.rushdululilm.app"
10    android:versionCode="1"
11    android:versionName="1.0" >
12
13    <uses-sdk
14        android:minSdkVersion="26"
15        android:targetSdkVersion="34" />
16
17    <uses-permission android:name="android.permission.ACCESS_NETWORK_STATE" />
17-->[androidx.media3:media3-common:1.3.1] AndroidManifest.xml:22:5-79
17-->[androidx.media3:media3-common:1.3.1] AndroidManifest.xml:22:22-76
18    <uses-permission android:name="android.permission.WAKE_LOCK" />
18-->[androidx.work:work-runtime:2.9.0] AndroidManifest.xml:23:5-68
18-->[androidx.work:work-runtime:2.9.0] AndroidManifest.xml:23:22-65
19    <uses-permission android:name="android.permission.RECEIVE_BOOT_COMPLETED" />
19-->[androidx.work:work-runtime:2.9.0] AndroidManifest.xml:25:5-81
19-->[androidx.work:work-runtime:2.9.0] AndroidManifest.xml:25:22-78
20    <uses-permission android:name="android.permission.FOREGROUND_SERVICE" />
20-->[androidx.work:work-runtime:2.9.0] AndroidManifest.xml:26:5-77
20-->[androidx.work:work-runtime:2.9.0] AndroidManifest.xml:26:22-74
21
22    <permission
22-->[androidx.core:core:1.13.1] AndroidManifest.xml:22:5-24:47
23        android:name="com.rushdululilm.app.DYNAMIC_RECEIVER_NOT_EXPORTED_PERMISSION"
23-->[androidx.core:core:1.13.1] AndroidManifest.xml:23:9-81
24        android:protectionLevel="signature" />
24-->[androidx.core:core:1.13.1] AndroidManifest.xml:24:9-44
25
26    <uses-permission android:name="com.rushdululilm.app.DYNAMIC_RECEIVER_NOT_EXPORTED_PERMISSION" /> <!-- The application tag contains all the settings for the app itself -->
26-->[androidx.core:core:1.13.1] AndroidManifest.xml:26:5-97
26-->[androidx.core:core:1.13.1] AndroidManifest.xml:26:22-94
27    <application
27-->src/main/AndroidManifest.xml:11:5-36:19
28        android:name="com.rushdululilm.app.RushdulIlmApplication"
28-->src/main/AndroidManifest.xml:12:9-46
29        android:allowBackup="true"
29-->src/main/AndroidManifest.xml:13:9-35
30        android:appComponentFactory="androidx.core.app.CoreComponentFactory"
30-->[androidx.core:core:1.13.1] AndroidManifest.xml:28:18-86
31        android:dataExtractionRules="@xml/data_extraction_rules"
31-->src/main/AndroidManifest.xml:14:9-65
32        android:debuggable="true"
33        android:extractNativeLibs="false"
34        android:fullBackupContent="@xml/backup_rules"
34-->src/main/AndroidManifest.xml:15:9-54
35        android:icon="@mipmap/ic_launcher"
35-->src/main/AndroidManifest.xml:16:9-43
36        android:label="@string/app_name"
36-->src/main/AndroidManifest.xml:17:9-41
37        android:roundIcon="@mipmap/ic_launcher_round"
37-->src/main/AndroidManifest.xml:18:9-54
38        android:supportsRtl="true"
38-->src/main/AndroidManifest.xml:19:9-35
39        android:testOnly="true"
40        android:theme="@style/Theme.RushdulIlm" >
40-->src/main/AndroidManifest.xml:20:9-48
41
42        <!-- Every screen (Activity) in the app must be listed here -->
43        <!-- MainActivity is our first and main screen -->
44        <activity
44-->src/main/AndroidManifest.xml:24:9-35:20
45            android:name="com.rushdululilm.app.MainActivity"
45-->src/main/AndroidManifest.xml:25:13-41
46            android:exported="true"
46-->src/main/AndroidManifest.xml:26:13-36
47            android:theme="@style/Theme.RushdulIlm" >
47-->src/main/AndroidManifest.xml:27:13-52
48
49            <!--
50                 This intent-filter tells Android that this screen is the one to start 
51                 when the user taps the app icon on their phone's home screen.
52            -->
53            <intent-filter>
53-->src/main/AndroidManifest.xml:31:13-34:29
54                <action android:name="android.intent.action.MAIN" />
54-->src/main/AndroidManifest.xml:32:17-69
54-->src/main/AndroidManifest.xml:32:25-66
55
56                <category android:name="android.intent.category.LAUNCHER" />
56-->src/main/AndroidManifest.xml:33:17-77
56-->src/main/AndroidManifest.xml:33:27-74
57            </intent-filter>
58        </activity>
59        <activity
59-->[androidx.compose.ui:ui-tooling-android:1.6.7] AndroidManifest.xml:23:9-25:39
60            android:name="androidx.compose.ui.tooling.PreviewActivity"
60-->[androidx.compose.ui:ui-tooling-android:1.6.7] AndroidManifest.xml:24:13-71
61            android:exported="true" />
61-->[androidx.compose.ui:ui-tooling-android:1.6.7] AndroidManifest.xml:25:13-36
62        <activity
62-->[androidx.compose.ui:ui-test-manifest:1.6.7] AndroidManifest.xml:23:9-25:39
63            android:name="androidx.activity.ComponentActivity"
63-->[androidx.compose.ui:ui-test-manifest:1.6.7] AndroidManifest.xml:24:13-63
64            android:exported="true" />
64-->[androidx.compose.ui:ui-test-manifest:1.6.7] AndroidManifest.xml:25:13-36
65
66        <provider
66-->[androidx.work:work-runtime:2.9.0] AndroidManifest.xml:29:9-37:20
67            android:name="androidx.startup.InitializationProvider"
67-->[androidx.work:work-runtime:2.9.0] AndroidManifest.xml:30:13-67
68            android:authorities="com.rushdululilm.app.androidx-startup"
68-->[androidx.work:work-runtime:2.9.0] AndroidManifest.xml:31:13-68
69            android:exported="false" >
69-->[androidx.work:work-runtime:2.9.0] AndroidManifest.xml:32:13-37
70            <meta-data
70-->[androidx.work:work-runtime:2.9.0] AndroidManifest.xml:34:13-36:52
71                android:name="androidx.work.WorkManagerInitializer"
71-->[androidx.work:work-runtime:2.9.0] AndroidManifest.xml:35:17-68
72                android:value="androidx.startup" />
72-->[androidx.work:work-runtime:2.9.0] AndroidManifest.xml:36:17-49
73            <meta-data
73-->[androidx.emoji2:emoji2:1.3.0] AndroidManifest.xml:29:13-31:52
74                android:name="androidx.emoji2.text.EmojiCompatInitializer"
74-->[androidx.emoji2:emoji2:1.3.0] AndroidManifest.xml:30:17-75
75                android:value="androidx.startup" />
75-->[androidx.emoji2:emoji2:1.3.0] AndroidManifest.xml:31:17-49
76            <meta-data
76-->[androidx.lifecycle:lifecycle-process:2.8.0] AndroidManifest.xml:29:13-31:52
77                android:name="androidx.lifecycle.ProcessLifecycleInitializer"
77-->[androidx.lifecycle:lifecycle-process:2.8.0] AndroidManifest.xml:30:17-78
78                android:value="androidx.startup" />
78-->[androidx.lifecycle:lifecycle-process:2.8.0] AndroidManifest.xml:31:17-49
79            <meta-data
79-->[androidx.profileinstaller:profileinstaller:1.3.1] AndroidManifest.xml:29:13-31:52
80                android:name="androidx.profileinstaller.ProfileInstallerInitializer"
80-->[androidx.profileinstaller:profileinstaller:1.3.1] AndroidManifest.xml:30:17-85
81                android:value="androidx.startup" />
81-->[androidx.profileinstaller:profileinstaller:1.3.1] AndroidManifest.xml:31:17-49
82        </provider>
83
84        <service
84-->[androidx.work:work-runtime:2.9.0] AndroidManifest.xml:39:9-45:35
85            android:name="androidx.work.impl.background.systemalarm.SystemAlarmService"
85-->[androidx.work:work-runtime:2.9.0] AndroidManifest.xml:40:13-88
86            android:directBootAware="false"
86-->[androidx.work:work-runtime:2.9.0] AndroidManifest.xml:41:13-44
87            android:enabled="@bool/enable_system_alarm_service_default"
87-->[androidx.work:work-runtime:2.9.0] AndroidManifest.xml:42:13-72
88            android:exported="false" />
88-->[androidx.work:work-runtime:2.9.0] AndroidManifest.xml:43:13-37
89        <service
89-->[androidx.work:work-runtime:2.9.0] AndroidManifest.xml:46:9-52:35
90            android:name="androidx.work.impl.background.systemjob.SystemJobService"
90-->[androidx.work:work-runtime:2.9.0] AndroidManifest.xml:47:13-84
91            android:directBootAware="false"
91-->[androidx.work:work-runtime:2.9.0] AndroidManifest.xml:48:13-44
92            android:enabled="@bool/enable_system_job_service_default"
92-->[androidx.work:work-runtime:2.9.0] AndroidManifest.xml:49:13-70
93            android:exported="true"
93-->[androidx.work:work-runtime:2.9.0] AndroidManifest.xml:50:13-36
94            android:permission="android.permission.BIND_JOB_SERVICE" />
94-->[androidx.work:work-runtime:2.9.0] AndroidManifest.xml:51:13-69
95        <service
95-->[androidx.work:work-runtime:2.9.0] AndroidManifest.xml:53:9-59:35
96            android:name="androidx.work.impl.foreground.SystemForegroundService"
96-->[androidx.work:work-runtime:2.9.0] AndroidManifest.xml:54:13-81
97            android:directBootAware="false"
97-->[androidx.work:work-runtime:2.9.0] AndroidManifest.xml:55:13-44
98            android:enabled="@bool/enable_system_foreground_service_default"
98-->[androidx.work:work-runtime:2.9.0] AndroidManifest.xml:56:13-77
99            android:exported="false" />
99-->[androidx.work:work-runtime:2.9.0] AndroidManifest.xml:57:13-37
100
101        <receiver
101-->[androidx.work:work-runtime:2.9.0] AndroidManifest.xml:61:9-66:35
102            android:name="androidx.work.impl.utils.ForceStopRunnable$BroadcastReceiver"
102-->[androidx.work:work-runtime:2.9.0] AndroidManifest.xml:62:13-88
103            android:directBootAware="false"
103-->[androidx.work:work-runtime:2.9.0] AndroidManifest.xml:63:13-44
104            android:enabled="true"
104-->[androidx.work:work-runtime:2.9.0] AndroidManifest.xml:64:13-35
105            android:exported="false" />
105-->[androidx.work:work-runtime:2.9.0] AndroidManifest.xml:65:13-37
106        <receiver
106-->[androidx.work:work-runtime:2.9.0] AndroidManifest.xml:67:9-77:20
107            android:name="androidx.work.impl.background.systemalarm.ConstraintProxy$BatteryChargingProxy"
107-->[androidx.work:work-runtime:2.9.0] AndroidManifest.xml:68:13-106
108            android:directBootAware="false"
108-->[androidx.work:work-runtime:2.9.0] AndroidManifest.xml:69:13-44
109            android:enabled="false"
109-->[androidx.work:work-runtime:2.9.0] AndroidManifest.xml:70:13-36
110            android:exported="false" >
110-->[androidx.work:work-runtime:2.9.0] AndroidManifest.xml:71:13-37
111            <intent-filter>
111-->[androidx.work:work-runtime:2.9.0] AndroidManifest.xml:73:13-76:29
112                <action android:name="android.intent.action.ACTION_POWER_CONNECTED" />
112-->[androidx.work:work-runtime:2.9.0] AndroidManifest.xml:74:17-87
112-->[androidx.work:work-runtime:2.9.0] AndroidManifest.xml:74:25-84
113                <action android:name="android.intent.action.ACTION_POWER_DISCONNECTED" />
113-->[androidx.work:work-runtime:2.9.0] AndroidManifest.xml:75:17-90
113-->[androidx.work:work-runtime:2.9.0] AndroidManifest.xml:75:25-87
114            </intent-filter>
115        </receiver>
116        <receiver
116-->[androidx.work:work-runtime:2.9.0] AndroidManifest.xml:78:9-88:20
117            android:name="androidx.work.impl.background.systemalarm.ConstraintProxy$BatteryNotLowProxy"
117-->[androidx.work:work-runtime:2.9.0] AndroidManifest.xml:79:13-104
118            android:directBootAware="false"
118-->[androidx.work:work-runtime:2.9.0] AndroidManifest.xml:80:13-44
119            android:enabled="false"
119-->[androidx.work:work-runtime:2.9.0] AndroidManifest.xml:81:13-36
120            android:exported="false" >
120-->[androidx.work:work-runtime:2.9.0] AndroidManifest.xml:82:13-37
121            <intent-filter>
121-->[androidx.work:work-runtime:2.9.0] AndroidManifest.xml:84:13-87:29
122                <action android:name="android.intent.action.BATTERY_OKAY" />
122-->[androidx.work:work-runtime:2.9.0] AndroidManifest.xml:85:17-77
122-->[androidx.work:work-runtime:2.9.0] AndroidManifest.xml:85:25-74
123                <action android:name="android.intent.action.BATTERY_LOW" />
123-->[androidx.work:work-runtime:2.9.0] AndroidManifest.xml:86:17-76
123-->[androidx.work:work-runtime:2.9.0] AndroidManifest.xml:86:25-73
124            </intent-filter>
125        </receiver>
126        <receiver
126-->[androidx.work:work-runtime:2.9.0] AndroidManifest.xml:89:9-99:20
127            android:name="androidx.work.impl.background.systemalarm.ConstraintProxy$StorageNotLowProxy"
127-->[androidx.work:work-runtime:2.9.0] AndroidManifest.xml:90:13-104
128            android:directBootAware="false"
128-->[androidx.work:work-runtime:2.9.0] AndroidManifest.xml:91:13-44
129            android:enabled="false"
129-->[androidx.work:work-runtime:2.9.0] AndroidManifest.xml:92:13-36
130            android:exported="false" >
130-->[androidx.work:work-runtime:2.9.0] AndroidManifest.xml:93:13-37
131            <intent-filter>
131-->[androidx.work:work-runtime:2.9.0] AndroidManifest.xml:95:13-98:29
132                <action android:name="android.intent.action.DEVICE_STORAGE_LOW" />
132-->[androidx.work:work-runtime:2.9.0] AndroidManifest.xml:96:17-83
132-->[androidx.work:work-runtime:2.9.0] AndroidManifest.xml:96:25-80
133                <action android:name="android.intent.action.DEVICE_STORAGE_OK" />
133-->[androidx.work:work-runtime:2.9.0] AndroidManifest.xml:97:17-82
133-->[androidx.work:work-runtime:2.9.0] AndroidManifest.xml:97:25-79
134            </intent-filter>
135        </receiver>
136        <receiver
136-->[androidx.work:work-runtime:2.9.0] AndroidManifest.xml:100:9-109:20
137            android:name="androidx.work.impl.background.systemalarm.ConstraintProxy$NetworkStateProxy"
137-->[androidx.work:work-runtime:2.9.0] AndroidManifest.xml:101:13-103
138            android:directBootAware="false"
138-->[androidx.work:work-runtime:2.9.0] AndroidManifest.xml:102:13-44
139            android:enabled="false"
139-->[androidx.work:work-runtime:2.9.0] AndroidManifest.xml:103:13-36
140            android:exported="false" >
140-->[androidx.work:work-runtime:2.9.0] AndroidManifest.xml:104:13-37
141            <intent-filter>
141-->[androidx.work:work-runtime:2.9.0] AndroidManifest.xml:106:13-108:29
142                <action android:name="android.net.conn.CONNECTIVITY_CHANGE" />
142-->[androidx.work:work-runtime:2.9.0] AndroidManifest.xml:107:17-79
142-->[androidx.work:work-runtime:2.9.0] AndroidManifest.xml:107:25-76
143            </intent-filter>
144        </receiver>
145        <receiver
145-->[androidx.work:work-runtime:2.9.0] AndroidManifest.xml:110:9-121:20
146            android:name="androidx.work.impl.background.systemalarm.RescheduleReceiver"
146-->[androidx.work:work-runtime:2.9.0] AndroidManifest.xml:111:13-88
147            android:directBootAware="false"
147-->[androidx.work:work-runtime:2.9.0] AndroidManifest.xml:112:13-44
148            android:enabled="false"
148-->[androidx.work:work-runtime:2.9.0] AndroidManifest.xml:113:13-36
149            android:exported="false" >
149-->[androidx.work:work-runtime:2.9.0] AndroidManifest.xml:114:13-37
150            <intent-filter>
150-->[androidx.work:work-runtime:2.9.0] AndroidManifest.xml:116:13-120:29
151                <action android:name="android.intent.action.BOOT_COMPLETED" />
151-->[androidx.work:work-runtime:2.9.0] AndroidManifest.xml:117:17-79
151-->[androidx.work:work-runtime:2.9.0] AndroidManifest.xml:117:25-76
152                <action android:name="android.intent.action.TIME_SET" />
152-->[androidx.work:work-runtime:2.9.0] AndroidManifest.xml:118:17-73
152-->[androidx.work:work-runtime:2.9.0] AndroidManifest.xml:118:25-70
153                <action android:name="android.intent.action.TIMEZONE_CHANGED" />
153-->[androidx.work:work-runtime:2.9.0] AndroidManifest.xml:119:17-81
153-->[androidx.work:work-runtime:2.9.0] AndroidManifest.xml:119:25-78
154            </intent-filter>
155        </receiver>
156        <receiver
156-->[androidx.work:work-runtime:2.9.0] AndroidManifest.xml:122:9-131:20
157            android:name="androidx.work.impl.background.systemalarm.ConstraintProxyUpdateReceiver"
157-->[androidx.work:work-runtime:2.9.0] AndroidManifest.xml:123:13-99
158            android:directBootAware="false"
158-->[androidx.work:work-runtime:2.9.0] AndroidManifest.xml:124:13-44
159            android:enabled="@bool/enable_system_alarm_service_default"
159-->[androidx.work:work-runtime:2.9.0] AndroidManifest.xml:125:13-72
160            android:exported="false" >
160-->[androidx.work:work-runtime:2.9.0] AndroidManifest.xml:126:13-37
161            <intent-filter>
161-->[androidx.work:work-runtime:2.9.0] AndroidManifest.xml:128:13-130:29
162                <action android:name="androidx.work.impl.background.systemalarm.UpdateProxies" />
162-->[androidx.work:work-runtime:2.9.0] AndroidManifest.xml:129:17-98
162-->[androidx.work:work-runtime:2.9.0] AndroidManifest.xml:129:25-95
163            </intent-filter>
164        </receiver>
165        <receiver
165-->[androidx.work:work-runtime:2.9.0] AndroidManifest.xml:132:9-142:20
166            android:name="androidx.work.impl.diagnostics.DiagnosticsReceiver"
166-->[androidx.work:work-runtime:2.9.0] AndroidManifest.xml:133:13-78
167            android:directBootAware="false"
167-->[androidx.work:work-runtime:2.9.0] AndroidManifest.xml:134:13-44
168            android:enabled="true"
168-->[androidx.work:work-runtime:2.9.0] AndroidManifest.xml:135:13-35
169            android:exported="true"
169-->[androidx.work:work-runtime:2.9.0] AndroidManifest.xml:136:13-36
170            android:permission="android.permission.DUMP" >
170-->[androidx.work:work-runtime:2.9.0] AndroidManifest.xml:137:13-57
171            <intent-filter>
171-->[androidx.work:work-runtime:2.9.0] AndroidManifest.xml:139:13-141:29
172                <action android:name="androidx.work.diagnostics.REQUEST_DIAGNOSTICS" />
172-->[androidx.work:work-runtime:2.9.0] AndroidManifest.xml:140:17-88
172-->[androidx.work:work-runtime:2.9.0] AndroidManifest.xml:140:25-85
173            </intent-filter>
174        </receiver>
175
176        <service
176-->[androidx.room:room-runtime:2.6.1] AndroidManifest.xml:24:9-28:63
177            android:name="androidx.room.MultiInstanceInvalidationService"
177-->[androidx.room:room-runtime:2.6.1] AndroidManifest.xml:25:13-74
178            android:directBootAware="true"
178-->[androidx.room:room-runtime:2.6.1] AndroidManifest.xml:26:13-43
179            android:exported="false" />
179-->[androidx.room:room-runtime:2.6.1] AndroidManifest.xml:27:13-37
180
181        <receiver
181-->[androidx.profileinstaller:profileinstaller:1.3.1] AndroidManifest.xml:34:9-52:20
182            android:name="androidx.profileinstaller.ProfileInstallReceiver"
182-->[androidx.profileinstaller:profileinstaller:1.3.1] AndroidManifest.xml:35:13-76
183            android:directBootAware="false"
183-->[androidx.profileinstaller:profileinstaller:1.3.1] AndroidManifest.xml:36:13-44
184            android:enabled="true"
184-->[androidx.profileinstaller:profileinstaller:1.3.1] AndroidManifest.xml:37:13-35
185            android:exported="true"
185-->[androidx.profileinstaller:profileinstaller:1.3.1] AndroidManifest.xml:38:13-36
186            android:permission="android.permission.DUMP" >
186-->[androidx.profileinstaller:profileinstaller:1.3.1] AndroidManifest.xml:39:13-57
187            <intent-filter>
187-->[androidx.profileinstaller:profileinstaller:1.3.1] AndroidManifest.xml:40:13-42:29
188                <action android:name="androidx.profileinstaller.action.INSTALL_PROFILE" />
188-->[androidx.profileinstaller:profileinstaller:1.3.1] AndroidManifest.xml:41:17-91
188-->[androidx.profileinstaller:profileinstaller:1.3.1] AndroidManifest.xml:41:25-88
189            </intent-filter>
190            <intent-filter>
190-->[androidx.profileinstaller:profileinstaller:1.3.1] AndroidManifest.xml:43:13-45:29
191                <action android:name="androidx.profileinstaller.action.SKIP_FILE" />
191-->[androidx.profileinstaller:profileinstaller:1.3.1] AndroidManifest.xml:44:17-85
191-->[androidx.profileinstaller:profileinstaller:1.3.1] AndroidManifest.xml:44:25-82
192            </intent-filter>
193            <intent-filter>
193-->[androidx.profileinstaller:profileinstaller:1.3.1] AndroidManifest.xml:46:13-48:29
194                <action android:name="androidx.profileinstaller.action.SAVE_PROFILE" />
194-->[androidx.profileinstaller:profileinstaller:1.3.1] AndroidManifest.xml:47:17-88
194-->[androidx.profileinstaller:profileinstaller:1.3.1] AndroidManifest.xml:47:25-85
195            </intent-filter>
196            <intent-filter>
196-->[androidx.profileinstaller:profileinstaller:1.3.1] AndroidManifest.xml:49:13-51:29
197                <action android:name="androidx.profileinstaller.action.BENCHMARK_OPERATION" />
197-->[androidx.profileinstaller:profileinstaller:1.3.1] AndroidManifest.xml:50:17-95
197-->[androidx.profileinstaller:profileinstaller:1.3.1] AndroidManifest.xml:50:25-92
198            </intent-filter>
199        </receiver>
200    </application>
201
202</manifest>